<?xml version="1.0" encoding="UTF-8"?>
<!-- Generated by org.testng.reporters.JUnitXMLReporter -->
<testsuite ignored="0" hostname="Abhigyas-MacBook-Pro.local" failures="0" tests="2" name="Test" time="9.239" errors="0" timestamp="06 Apr 2025 13:35:52 GMT">
  <testcase classname="demo.saucelabs.SauceLabsLoginTest" name="verifyLoginWithInValidCredentials" time="5.228"/>
  <testcase classname="demo.saucelabs.SauceLabsLoginTest" name="verifyLoginWithValidCredentials" time="5.338"/>
</testsuite> <!-- Test -->
