<?xml version="1.0" encoding="UTF-8"?>
<testng-results ignored="0" total="2" passed="2" failed="0" skipped="0">
  <reporter-output>
  </reporter-output>
  <suite started-at="2025-04-06T13:35:37Z" name="Suite" finished-at="2025-04-06T13:35:47Z" duration-ms="9239">
    <groups>
    </groups>
    <test started-at="2025-04-06T13:35:37Z" name="Test" finished-at="2025-04-06T13:35:47Z" duration-ms="9239">
      <class name="demo.saucelabs.SauceLabsLoginTest">
        <test-method is-config="true" signature="beforeSuite(java.lang.String)[pri:0, instance:demo.saucelabs.SauceLabsLoginTest@64e7619d]" started-at="2025-04-06T19:05:37Z" name="beforeSuite" finished-at="2025-04-06T19:05:37Z" duration-ms="77" status="PASS">
          <params>
            <param index="0">
              <value>
                <![CDATA[qa]]>
              </value>
            </param>
          </params>
          <reporter-output>
          </reporter-output>
        </test-method> <!-- beforeSuite -->
        <test-method is-config="true" signature="setUp(java.lang.String, java.lang.reflect.Method)[pri:0, instance:demo.saucelabs.SauceLabsLoginTest@64e7619d]" started-at="2025-04-06T19:05:37Z" name="setUp" finished-at="2025-04-06T19:05:40Z" duration-ms="2481" status="PASS">
          <params>
            <param index="0">
              <value>
                <![CDATA[chrome]]>
              </value>
            </param>
            <param index="1">
              <value>
                <![CDATA[public void demo.saucelabs.SauceLabsLoginTest.verifyLoginWithInValidCredentials(java.lang.String,java.lang.String) throws java.lang.InterruptedException]]>
              </value>
            </param>
          </params>
          <reporter-output>
          </reporter-output>
        </test-method> <!-- setUp -->
        <test-method is-config="true" signature="setUp(java.lang.String, java.lang.reflect.Method)[pri:0, instance:demo.saucelabs.SauceLabsLoginTest@64e7619d]" started-at="2025-04-06T19:05:37Z" name="setUp" finished-at="2025-04-06T19:05:41Z" duration-ms="3799" status="PASS">
          <params>
            <param index="0">
              <value>
                <![CDATA[chrome]]>
              </value>
            </param>
            <param index="1">
              <value>
                <![CDATA[public void demo.saucelabs.SauceLabsLoginTest.verifyLoginWithValidCredentials(java.lang.String,java.lang.String) throws java.lang.InterruptedException]]>
              </value>
            </param>
          </params>
          <reporter-output>
          </reporter-output>
        </test-method> <!-- setUp -->
        <test-method signature="verifyLoginWithInValidCredentials(java.lang.String, java.lang.String)[pri:0, instance:demo.saucelabs.SauceLabsLoginTest@64e7619d]" started-at="2025-04-06T19:05:40Z" name="verifyLoginWithInValidCredentials" data-provider="data" finished-at="2025-04-06T19:05:45Z" duration-ms="5228" status="PASS">
          <params>
            <param index="0">
              <value>
                <![CDATA[ABC]]>
              </value>
            </param>
            <param index="1">
              <value>
                <![CDATA[XYZ]]>
              </value>
            </param>
          </params>
          <reporter-output>
          </reporter-output>
        </test-method> <!-- verifyLoginWithInValidCredentials -->
        <test-method signature="verifyLoginWithValidCredentials(java.lang.String, java.lang.String)[pri:0, instance:demo.saucelabs.SauceLabsLoginTest@64e7619d]" started-at="2025-04-06T19:05:41Z" name="verifyLoginWithValidCredentials" data-provider="data" finished-at="2025-04-06T19:05:47Z" duration-ms="5338" status="PASS">
          <params>
            <param index="0">
              <value>
                <![CDATA[standard_user]]>
              </value>
            </param>
            <param index="1">
              <value>
                <![CDATA[secret_sauce]]>
              </value>
            </param>
          </params>
          <reporter-output>
          </reporter-output>
        </test-method> <!-- verifyLoginWithValidCredentials -->
        <test-method is-config="true" signature="shutDown()[pri:0, instance:demo.saucelabs.SauceLabsLoginTest@64e7619d]" started-at="2025-04-06T19:05:45Z" name="shutDown" finished-at="2025-04-06T19:05:45Z" duration-ms="110" status="PASS">
          <reporter-output>
          </reporter-output>
        </test-method> <!-- shutDown -->
        <test-method is-config="true" signature="shutDown()[pri:0, instance:demo.saucelabs.SauceLabsLoginTest@64e7619d]" started-at="2025-04-06T19:05:47Z" name="shutDown" finished-at="2025-04-06T19:05:47Z" duration-ms="90" status="PASS">
          <reporter-output>
          </reporter-output>
        </test-method> <!-- shutDown -->
      </class> <!-- demo.saucelabs.SauceLabsLoginTest -->
    </test> <!-- Test -->
  </suite> <!-- Suite -->
</testng-results>
